  [1m[35m (213.6ms)[0m  [1m[35mCREATE DATABASE "vet_clinic_development" ENCODING = 'unicode' /*application='VetClinic'*/[0m
  [1m[35mSQL (0.2ms)[0m  [1m[35mSET search_path TO public /*application='VetClinic'*/[0m
  [1m[35m (818.9ms)[0m  [1m[35mCREATE DATABASE "vet_clinic_development" ENCODING = 'unicode' /*application='VetClinic'*/[0m
  [1m[35m (212.3ms)[0m  [1m[35mCREATE DATABASE "vet_clinic_test" ENCODING = 'unicode' /*application='VetClinic'*/[0m
Started GET "/" for 127.0.0.1 at 2026-04-09 16:18:25 -0400
  [1m[35m (38.9ms)[0m  [1m[35mCREATE TABLE "schema_migrations" ("version" character varying NOT NULL PRIMARY KEY) /*application='VetClinic'*/[0m
  [1m[35m (4.1ms)[0m  [1m[35mCREATE TABLE "ar_internal_metadata" ("key" character varying NOT NULL PRIMARY KEY, "value" character varying, "created_at" timestamp(6) NOT NULL, "updated_at" timestamp(6) NOT NULL) /*application='VetClinic'*/[0m
  [1m[36mActiveRecord::SchemaMigration Load (1.1ms)[0m  [1m[34mSELECT "schema_migrations"."version" FROM "schema_migrations" ORDER BY "schema_migrations"."version" ASC /*application='VetClinic'*/[0m
Processing by Rails::WelcomeController#index as HTML
  Rendering C:/Ruby40-x64/lib/ruby/gems/4.0.0/gems/railties-8.1.3/lib/rails/templates/rails/welcome/index.html.erb
  Rendered C:/Ruby40-x64/lib/ruby/gems/4.0.0/gems/railties-8.1.3/lib/rails/templates/rails/welcome/index.html.erb (Duration: 1.4ms | GC: 0.0ms)
Completed 200 OK in 231ms (Views: 48.2ms | ActiveRecord: 0.0ms (0 queries, 0 cached) | GC: 0.0ms)


  [1m[35mSQL (0.1ms)[0m  [1m[35mSET search_path TO public /*application='VetClinic'*/[0m
  [1m[35m (103.3ms)[0m  [1m[35mCREATE DATABASE "vet_clinic_development" ENCODING = 'unicode' /*application='VetClinic'*/[0m
  [1m[35m (214.5ms)[0m  [1m[35mCREATE DATABASE "vet_clinic_test" ENCODING = 'unicode' /*application='VetClinic'*/[0m
Started GET "/" for 127.0.0.1 at 2026-04-09 16:21:25 -0400
  [1m[36mActiveRecord::SchemaMigration Load (1.0ms)[0m  [1m[34mSELECT "schema_migrations"."version" FROM "schema_migrations" ORDER BY "schema_migrations"."version" ASC /*application='VetClinic'*/[0m
Processing by Rails::WelcomeController#index as HTML
  Rendering C:/Ruby40-x64/lib/ruby/gems/4.0.0/gems/railties-8.1.3/lib/rails/templates/rails/welcome/index.html.erb
  Rendered C:/Ruby40-x64/lib/ruby/gems/4.0.0/gems/railties-8.1.3/lib/rails/templates/rails/welcome/index.html.erb (Duration: 0.6ms | GC: 0.0ms)
Completed 200 OK in 33ms (Views: 5.5ms | ActiveRecord: 0.0ms (0 queries, 0 cached) | GC: 0.0ms)


  [1m[35mSQL (0.2ms)[0m  [1m[35mSET search_path TO public /*application='VetClinic'*/[0m
  [1m[35m (111.0ms)[0m  [1m[35mCREATE DATABASE "vet_clinic_development" ENCODING = 'unicode' /*application='VetClinic'*/[0m
  [1m[35mSQL (0.2ms)[0m  [1m[35mSET search_path TO public /*application='VetClinic'*/[0m
  [1m[35m (333.0ms)[0m  [1m[35mCREATE DATABASE "vet_clinic_test" ENCODING = 'unicode' /*application='VetClinic'*/[0m
